03.10.2018 21:28:21: Checking infiSTAR license..
03.10.2018 21:28:21: infiSTAR customerID found.
03.10.2018 21:28:21: infiSTAR productLicense found.
03.10.2018 21:28:21: infiSTAR serverName found: Aussie Battlers Tanoa PVE 50 K Start |Roaming AI, DMS, Custom Towing
03.10.2018 21:28:22: infiSTAR license result: ok
03.10.2018 21:46:21: Checking infiSTAR license..
03.10.2018 21:46:21: infiSTAR customerID found.
03.10.2018 21:46:21: infiSTAR productLicense found.
03.10.2018 21:46:21: infiSTAR serverName found: Aussie Battlers Tanoa PVE 50 K Start |Roaming AI, DMS, Custom Towing
03.10.2018 21:46:21: infiSTAR license result: ok
03.10.2018 21:52:36: Checking infiSTAR license..
03.10.2018 21:52:36: infiSTAR customerID found.
03.10.2018 21:52:36: infiSTAR productLicense found.
03.10.2018 21:52:36: infiSTAR serverName found: Aussie Battlers Tanoa PVE 50 K Start |Roaming AI, DMS, Custom Towing
03.10.2018 21:52:37: infiSTAR license result: ok
03.10.2018 22:05:35: Checking infiSTAR license..
03.10.2018 22:05:35: infiSTAR customerID found.
03.10.2018 22:05:35: infiSTAR productLicense found.
03.10.2018 22:05:35: infiSTAR serverName found: Aussie Battlers Tanoa PVE 50 K Start |Roaming AI, DMS, Custom Towing
03.10.2018 22:05:36: infiSTAR license result: ok
03.10.2018 22:09:59: Checking infiSTAR license..
03.10.2018 22:09:59: infiSTAR customerID found.
03.10.2018 22:09:59: infiSTAR productLicense found.
03.10.2018 22:09:59: infiSTAR serverName found: Aussie Battlers Tanoa PVE 50 K Start |Roaming AI, DMS, Custom Towing
03.10.2018 22:10:00: infiSTAR license result: ok
03.10.2018 22:18:47: Checking infiSTAR license..
03.10.2018 22:18:47: infiSTAR customerID found.
03.10.2018 22:18:47: infiSTAR productLicense found.
03.10.2018 22:18:47: infiSTAR serverName found: Aussie Battlers Tanoa PVE 50 K Start |Roaming AI, DMS, Custom Towing
03.10.2018 22:18:47: infiSTAR license result: ok
03.10.2018 22:24:11: Checking infiSTAR license..
03.10.2018 22:24:11: infiSTAR customerID found.
03.10.2018 22:24:11: infiSTAR productLicense found.
03.10.2018 22:24:11: infiSTAR serverName found: Aussie Battlers Tanoa PVE 50 K Start |Roaming AI, DMS, Custom Towing
03.10.2018 22:24:12: infiSTAR license result: ok
03.10.2018 22:25:32: Checking infiSTAR license..
03.10.2018 22:25:32: infiSTAR customerID found.
03.10.2018 22:25:32: infiSTAR productLicense found.
03.10.2018 22:25:32: infiSTAR serverName found: Aussie Battlers Tanoa PVE 50 K Start |Roaming AI, DMS, Custom Towing
03.10.2018 22:25:33: infiSTAR license result: ok
03.10.2018 22:29:11: Checking infiSTAR license..
03.10.2018 22:29:11: infiSTAR customerID found.
03.10.2018 22:29:11: infiSTAR productLicense found.
03.10.2018 22:29:11: infiSTAR serverName found: Aussie Battlers Tanoa PVE 50 K Start |Roaming AI, DMS, Custom Towing
03.10.2018 22:29:11: infiSTAR license result: ok
03.10.2018 22:37:04: Checking infiSTAR license..
03.10.2018 22:37:04: infiSTAR customerID found.
03.10.2018 22:37:04: infiSTAR productLicense found.
03.10.2018 22:37:04: infiSTAR serverName found: Aussie Battlers Tanoa PVE 50 K Start |Roaming AI, DMS, Custom Towing
03.10.2018 22:37:05: infiSTAR license result: ok
04.10.2018 04:37:34: Checking infiSTAR license..
04.10.2018 04:37:34: infiSTAR customerID found.
04.10.2018 04:37:34: infiSTAR productLicense found.
04.10.2018 04:37:34: infiSTAR serverName found: Aussie Battlers Tanoa PVE 50 K Start |Roaming AI, DMS, Custom Towing
04.10.2018 04:37:34: infiSTAR license result: ok
04.10.2018 10:38:10: Checking infiSTAR license..
04.10.2018 10:38:10: infiSTAR customerID found.
04.10.2018 10:38:10: infiSTAR productLicense found.
04.10.2018 10:38:10: infiSTAR serverName found: Aussie Battlers Tanoa PVE 50 K Start |Roaming AI, DMS, Custom Towing
04.10.2018 10:38:11: infiSTAR license result: ok
04.10.2018 16:38:40: Checking infiSTAR license..
04.10.2018 16:38:40: infiSTAR customerID found.
04.10.2018 16:38:40: infiSTAR productLicense found.
04.10.2018 16:38:40: infiSTAR serverName found: Aussie Battlers Tanoa PVE 50 K Start |Roaming AI, DMS, Custom Towing
04.10.2018 16:38:40: infiSTAR license result: ok
04.10.2018 22:39:08: Checking infiSTAR license..
04.10.2018 22:39:08: infiSTAR customerID found.
04.10.2018 22:39:08: infiSTAR productLicense found.
04.10.2018 22:39:08: infiSTAR serverName found: Aussie Battlers Tanoa PVE 50 K Start |Roaming AI, DMS, Custom Towing
04.10.2018 22:39:08: infiSTAR license result: ok
05.10.2018 04:39:48: Checking infiSTAR license..
05.10.2018 04:39:48: infiSTAR customerID found.
05.10.2018 04:39:48: infiSTAR productLicense found.
05.10.2018 04:39:48: infiSTAR serverName found: Aussie Battlers Tanoa PVE 50 K Start |Roaming AI, DMS, Custom Towing
05.10.2018 04:39:48: infiSTAR license result: ok
05.10.2018 10:40:25: Checking infiSTAR license..
05.10.2018 10:40:25: infiSTAR customerID found.
05.10.2018 10:40:25: infiSTAR productLicense found.
05.10.2018 10:40:25: infiSTAR serverName found: Aussie Battlers Tanoa PVE 50 K Start |Roaming AI, DMS, Custom Towing
05.10.2018 10:40:26: infiSTAR license result: ok
05.10.2018 16:40:57: Checking infiSTAR license..
05.10.2018 16:40:57: infiSTAR customerID found.
05.10.2018 16:40:57: infiSTAR productLicense found.
05.10.2018 16:40:57: infiSTAR serverName found: Aussie Battlers Tanoa PVE 50 K Start |Roaming AI, DMS, Custom Towing
05.10.2018 16:40:57: infiSTAR license result: ok
05.10.2018 22:41:38: Checking infiSTAR license..
05.10.2018 22:41:38: infiSTAR customerID found.
05.10.2018 22:41:38: infiSTAR productLicense found.
05.10.2018 22:41:38: infiSTAR serverName found: Aussie Battlers Tanoa PVE 50 K Start |Roaming AI, DMS, Custom Towing
05.10.2018 22:41:39: infiSTAR license result: ok
06.10.2018 04:42:16: Checking infiSTAR license..
06.10.2018 04:42:16: infiSTAR customerID found.
06.10.2018 04:42:16: infiSTAR productLicense found.
06.10.2018 04:42:16: infiSTAR serverName found: Aussie Battlers Tanoa PVE 50 K Start |Roaming AI, DMS, Custom Towing
06.10.2018 04:42:17: infiSTAR license result: ok
06.10.2018 10:42:58: Checking infiSTAR license..
06.10.2018 10:42:58: infiSTAR customerID found.
06.10.2018 10:42:58: infiSTAR productLicense found.
06.10.2018 10:42:58: infiSTAR serverName found: Aussie Battlers Tanoa PVE 50 K Start |Roaming AI, DMS, Custom Towing
06.10.2018 10:42:58: infiSTAR license result: ok
06.10.2018 16:43:28: Checking infiSTAR license..
06.10.2018 16:43:28: infiSTAR customerID found.
06.10.2018 16:43:28: infiSTAR productLicense found.
06.10.2018 16:43:28: infiSTAR serverName found: Aussie Battlers Tanoa PVE 50 K Start |Roaming AI, DMS, Custom Towing
06.10.2018 16:43:28: infiSTAR license result: ok
06.10.2018 22:43:55: Checking infiSTAR license..
06.10.2018 22:43:55: infiSTAR customerID found.
06.10.2018 22:43:55: infiSTAR productLicense found.
06.10.2018 22:43:55: infiSTAR serverName found: Aussie Battlers Tanoa PVE 50 K Start |Roaming AI, DMS, Custom Towing
06.10.2018 22:43:56: infiSTAR license result: ok
07.10.2018 05:44:29: Checking infiSTAR license..
07.10.2018 05:44:29: infiSTAR customerID found.
07.10.2018 05:44:29: infiSTAR productLicense found.
07.10.2018 05:44:29: infiSTAR serverName found: Aussie Battlers Tanoa PVE 50 K Start |Roaming AI, DMS, Custom Towing
07.10.2018 05:44:29: infiSTAR license result: ok
07.10.2018 11:44:58: Checking infiSTAR license..
07.10.2018 11:44:58: infiSTAR customerID found.
07.10.2018 11:44:58: infiSTAR productLicense found.
07.10.2018 11:44:58: infiSTAR serverName found: Aussie Battlers Tanoa PVE 50 K Start |Roaming AI, DMS, Custom Towing
07.10.2018 11:44:58: infiSTAR license result: ok
07.10.2018 17:45:32: Checking infiSTAR license..
07.10.2018 17:45:32: infiSTAR customerID found.
07.10.2018 17:45:32: infiSTAR productLicense found.
07.10.2018 17:45:32: infiSTAR serverName found: Aussie Battlers Tanoa PVE 50 K Start |Roaming AI, DMS, Custom Towing
07.10.2018 17:45:33: infiSTAR license result: ok
07.10.2018 23:46:04: Checking infiSTAR license..
07.10.2018 23:46:04: infiSTAR customerID found.
07.10.2018 23:46:04: infiSTAR productLicense found.
07.10.2018 23:46:04: infiSTAR serverName found: Aussie Battlers Tanoa PVE 50 K Start |Roaming AI, DMS, Custom Towing
07.10.2018 23:46:04: infiSTAR license result: ok
